<?xml version="1.0" encoding="UTF-8"?>
<testsuite name="org.learning.arrays.ValidSudokuTest" tests="1" skipped="0" failures="0" errors="0" timestamp="2023-03-22T07:56:46" hostname="Marcelos-MacBook-Pro.local" time="165.12">
  <properties/>
  <testcase name="test_isValidSudoku_false()" classname="org.learning.arrays.ValidSudokuTest" time="165.12"/>
  <system-out><![CDATA[]]></system-out>
  <system-err><![CDATA[]]></system-err>
</testsuite>
